<?xml version="1.0" encoding="UTF-8"?>
<!-- Generated by org.testng.reporters.JUnitXMLReporter -->
<testsuite hostname="DESKTOP-AMK4OC3" ignored="0" name="Surefire test" tests="6" failures="0" timestamp="24 Dec 2020 01:55:50 GMT" time="0.036" errors="0">
  <testcase name="ra1" time="0.007" classname="abc.AppiumTest"/>
  <testcase name="ra2" time="0.001" classname="abc.AppiumTest"/>
  <testcase name="se1" time="0.001" classname="abc.RestAssuredTest"/>
  <testcase name="se2" time="0.0" classname="abc.RestAssuredTest"/>
  <testcase name="se1" time="0.0" classname="abc.SeleniumTest"/>
  <testcase name="se2" time="0.0" classname="abc.SeleniumTest"/>
</testsuite> <!-- Surefire test -->
