<?xml version="1.0" encoding="UTF-8"?>
<!-- Generated by org.testng.reporters.JUnitXMLReporter -->
<testsuite hostname="DESKTOP-AMK4OC3" ignored="0" name="Test" tests="6" failures="0" timestamp="2020-12-25T13:40:36 EST" time="0.049" errors="0">
  <testcase name="se1" time="0.008" classname="abc.SeleniumTest"/>
  <testcase name="se2" time="0.001" classname="abc.SeleniumTest"/>
  <testcase name="ap1" time="0.001" classname="abc.AppiumTest"/>
  <testcase name="ap2" time="0.001" classname="abc.AppiumTest"/>
  <testcase name="ra1" time="0.001" classname="abc.RestAssuredTest"/>
  <testcase name="ra2" time="0.001" classname="abc.RestAssuredTest"/>
</testsuite> <!-- Test -->
