<?xml version="1.0" encoding="UTF-8"?>
<!-- Generated by org.testng.reporters.JUnitXMLReporter -->
<testsuite hostname="DESKTOP-AMK4OC3" ignored="0" name="Test" tests="6" failures="0" timestamp="24 Dec 2020 19:40:47 GMT" time="0.043" errors="0">
  <testcase name="se1" time="0.009" classname="abc.SeleniumTest"/>
  <testcase name="se2" time="0.001" classname="abc.SeleniumTest"/>
  <testcase name="ra1" time="0.001" classname="abc.AppiumTest"/>
  <testcase name="ra2" time="0.0" classname="abc.AppiumTest"/>
  <testcase name="se1" time="0.0" classname="abc.RestAssuredTest"/>
  <testcase name="se2" time="0.0" classname="abc.RestAssuredTest"/>
</testsuite> <!-- Test -->
