<?xml version="1.0" encoding="UTF-8"?>
<testsuite xmlns:xsi="http://www.w3.org/2001/XMLSchema-instance" xsi:noNamespaceSchemaLocation="https://maven.apache.org/surefire/maven-surefire-plugin/xsd/surefire-test-report-3.0.xsd" version="3.0" name="abc.SeleniumTest" time="0.522" tests="2" errors="0" skipped="0" failures="0">
  <properties>
[...]
</properties>
  <testcase name="se1" classname="abc.SeleniumTest" time="0.007">
    <system-out><![CDATA[se1 test
]]></system-out>
  </testcase>
  <testcase name="se2" classname="abc.SeleniumTest" time="0.001">
    <system-out><![CDATA[se2 test
]]></system-out>
  </testcase>
</testsuite>